[1224/001933.205:ERROR:directory_reader_win.cc(43)] FindFirstFile: The system cannot find the path specified. (0x3)
[1224/062157.523:ERROR:directory_reader_win.cc(43)] FindFirstFile: The system cannot find the path specified. (0x3)
[0109/064954.763:ERROR:process_info.cc(329)] VirtualQueryEx: Access is denied. (0x5)
[0109/064955.285:ERROR:process_info.cc(556)] ReadMemoryInfo failed
[0109/064955.285:ERROR:process_memory_win.cc(39)] Failed to initialize ProcessInfo.
[0109/064955.285:ERROR:scoped_process_suspend.cc(40)] NtResumeProcess: An attempt was made to access an exiting process. (0xc000010a)
[0109/065635.364:ERROR:directory_reader_win.cc(43)] FindFirstFile: The system cannot find the path specified. (0x3)
[0109/102343.252:ERROR:directory_reader_win.cc(43)] FindFirstFile: The system cannot find the path specified. (0x3)
[0110/072456.794:ERROR:directory_reader_win.cc(43)] FindFirstFile: The system cannot find the path specified. (0x3)
[0113/074308.975:ERROR:directory_reader_win.cc(43)] FindFirstFile: The system cannot find the path specified. (0x3)
[0114/230723.591:ERROR:directory_reader_win.cc(43)] FindFirstFile: The system cannot find the path specified. (0x3)
[0115/043444.835:ERROR:filesystem_win.cc(129)] GetFileAttributes C:\Users\Noor_Ali\AppData\Local\Google\Chrome\User Data\Crashpad\attachments\8c2d6a7f-2724-4e33-aa64-d97a6321f521: The system cannot find the path specified. (0x3)
[0115/072613.589:ERROR:directory_reader_win.cc(43)] FindFirstFile: The system cannot find the path specified. (0x3)
[0119/034950.366:ERROR:directory_reader_win.cc(43)] FindFirstFile: The system cannot find the path specified. (0x3)
[0119/093415.481:ERROR:directory_reader_win.cc(43)] FindFirstFile: The system cannot find the path specified. (0x3)
[0119/231738.554:ERROR:directory_reader_win.cc(43)] FindFirstFile: The system cannot find the path specified. (0x3)
[0119/235302.164:ERROR:directory_reader_win.cc(43)] FindFirstFile: The system cannot find the path specified. (0x3)
[0120/062307.048:ERROR:directory_reader_win.cc(43)] FindFirstFile: The system cannot find the path specified. (0x3)
[0123/112256.000:ERROR:directory_reader_win.cc(43)] FindFirstFile: The system cannot find the path specified. (0x3)
[0123/114639.149:ERROR:filesystem_win.cc(129)] GetFileAttributes C:\Users\Noor_Ali\AppData\Local\Google\Chrome\User Data\Crashpad\attachments\167fe54e-842b-4280-bfb2-04ec877fd3a7: The system cannot find the path specified. (0x3)
[0123/120459.856:ERROR:scoped_process_suspend.cc(40)] NtResumeProcess: An attempt was made to access an exiting process. (0xc000010a)
